#
# There is insufficient memory for the Java Runtime Environment to continue.
# Native memory allocation (malloc) failed to allocate 2877776 bytes for Chunk::new
# Possible reasons:
#   The system is out of physical RAM or swap space
#   The process is running with CompressedOops enabled, and the Java Heap may be blocking the growth of the native heap
# Possible solutions:
#   Reduce memory load on the system
#   Increase physical memory or swap space
#   Check if swap backing store is full
#   Decrease Java heap size (-Xmx/-Xms)
#   Decrease number of Java threads
#   Decrease Java thread stack sizes (-Xss)
#   Set larger code cache with -XX:ReservedCodeCacheSize=
#   JVM is running with Unscaled Compressed Oops mode in which the Java heap is
#     placed in the first 4GB address space. The Java Heap base address is the
#     maximum limit for the native heap growth. Please use -XX:HeapBaseMinAddress
#     to set the Java Heap base and to place the Java Heap above 4GB virtual address.
# This output file may be truncated or incomplete.
#
#  Out of Memory Error (allocation.cpp:389), pid=17148, tid=0x0000000000004754
#
# JRE version: OpenJDK Runtime Environment (8.0_242-b01) (build 1.8.0_242-release-1644-b01)
# Java VM: OpenJDK 64-Bit Server VM (25.242-b01 mixed mode windows-amd64 compressed oops)
# Failed to write core dump. Minidumps are not enabled by default on client versions of Windows
#

---------------  T H R E A D  ---------------

Current thread (0x0000000016a57000):  JavaThread "C2 CompilerThread1" daemon [_thread_in_native, id=18260, stack(0x0000000017420000,0x0000000017520000)]

Stack: [0x0000000017420000,0x0000000017520000]
[error occurred during error reporting (printing stack bounds), id 0xc0000005]

Native frames: (J=compiled Java code, j=interpreted, Vv=VM code, C=native code)


Current CompileTask:
C2:  23553 5608   !   4       java.net.URLClassLoader$1::run (63 bytes)


---------------  P R O C E S S  ---------------

Java Threads: ( => current thread )
  0x000000001e6bb000 JavaThread "Cache worker for file content cache (C:\Users\coleh\Robotics_2021_2022\.gradle\6.1.1\fileContent)" [_thread_blocked, id=4744, stack(0x0000000023070000,0x0000000023170000)]
  0x000000001e6b9800 JavaThread "Cache worker for file content cache (C:\Users\coleh\.gradle\caches\6.1.1\fileContent)" [_thread_blocked, id=15680, stack(0x0000000022f70000,0x0000000023070000)]
  0x000000001e6bc000 JavaThread "Memory manager" [_thread_blocked, id=16788, stack(0x0000000022e70000,0x0000000022f70000)]
  0x000000001e6bd800 JavaThread "Cache worker for Build Output Cleanup Cache (C:\Users\coleh\Robotics_2021_2022\.gradle\buildOutputCleanup)" [_thread_blocked, id=18624, stack(0x0000000021a10000,0x0000000021b10000)]
  0x000000001e6ae800 JavaThread "Build operations Thread 8" [_thread_blocked, id=20272, stack(0x0000000021710000,0x0000000021810000)]
  0x000000001e6b5000 JavaThread "Build operations Thread 7" [_thread_blocked, id=18548, stack(0x0000000021610000,0x0000000021710000)]
  0x000000001e6b3000 JavaThread "Build operations Thread 6" [_thread_blocked, id=12660, stack(0x0000000020250000,0x0000000020350000)]
  0x000000001e6b1800 JavaThread "Build operations Thread 5" [_thread_blocked, id=20048, stack(0x0000000020150000,0x0000000020250000)]
  0x000000001e6b2000 JavaThread "Build operations Thread 4" [_thread_blocked, id=17780, stack(0x0000000020050000,0x0000000020150000)]
  0x000000001e6b0000 JavaThread "Build operations Thread 3" [_thread_blocked, id=22380, stack(0x000000001ff50000,0x0000000020050000)]
  0x000000001e6b3800 JavaThread "Build operations Thread 2" [_thread_blocked, id=22012, stack(0x000000001fe50000,0x000000001ff50000)]
  0x000000001e6b4800 JavaThread "Build operations" [_thread_blocked, id=22292, stack(0x000000001f930000,0x000000001fa30000)]
  0x0000000019813800 JavaThread "Cache worker for execution history cache (C:\Users\coleh\.gradle\caches\6.1.1\executionHistory)" [_thread_blocked, id=3920, stack(0x000000001ef70000,0x000000001f070000)]
  0x0000000019811000 JavaThread "Cache worker for cache directory md-rule (C:\Users\coleh\.gradle\caches\6.1.1\md-rule)" [_thread_blocked, id=10760, stack(0x000000001dc40000,0x000000001dd40000)]
  0x0000000019812800 JavaThread "Cache worker for cache directory md-supplier (C:\Users\coleh\.gradle\caches\6.1.1\md-supplier)" [_thread_blocked, id=11988, stack(0x000000001db40000,0x000000001dc40000)]
  0x0000000019810800 JavaThread "Cache worker for file hash cache (C:\Users\coleh\Robotics_2021_2022\.gradle\6.1.1\fileHashes)" [_thread_blocked, id=8632, stack(0x000000001dde0000,0x000000001dee0000)]
  0x000000001980f000 JavaThread "Cache worker for checksums cache (C:\Users\coleh\Robotics_2021_2022\.gradle\checksums)" [_thread_blocked, id=9856, stack(0x000000001ca10000,0x000000001cb10000)]
  0x000000001980f800 JavaThread "Cache worker for file hash cache (C:\Users\coleh\.gradle\caches\6.1.1\fileHashes)" [_thread_blocked, id=2520, stack(0x000000001b740000,0x000000001b840000)]
  0x0000000019812000 JavaThread "File lock request listener" [_thread_in_native, id=8364, stack(0x000000001b640000,0x000000001b740000)]
  0x0000000019641800 JavaThread "Cache worker for journal cache (C:\Users\coleh\.gradle\caches\journal-1)" [_thread_blocked, id=19928, stack(0x000000001b540000,0x000000001b640000)]
  0x0000000019537800 JavaThread "Thread-9" [_thread_blocked, id=11328, stack(0x000000001b240000,0x000000001b340000)]
  0x0000000019532800 JavaThread "Stdin handler" [_thread_blocked, id=5064, stack(0x000000001b140000,0x000000001b240000)]
  0x0000000019530800 JavaThread "Asynchronous log dispatcher for DefaultDaemonConnection: socket connection from /127.0.0.1:61405 to /127.0.0.1:61406" [_thread_blocked, id=13072, stack(0x000000001b040000,0x000000001b140000)]
  0x0000000019539000 JavaThread "Daemon worker" [_thread_in_vm, id=472, stack(0x000000001af40000,0x000000001b040000)]
  0x000000001952f800 JavaThread "Cancel handler" [_thread_blocked, id=9800, stack(0x000000001ae40000,0x000000001af40000)]
  0x00000000194fc800 JavaThread "Handler for socket connection from /127.0.0.1:61405 to /127.0.0.1:61406" [_thread_in_native, id=20912, stack(0x000000001ab40000,0x000000001ac40000)]
  0x00000000194f9800 JavaThread "Daemon" [_thread_blocked, id=4036, stack(0x000000001aa40000,0x000000001ab40000)]
  0x0000000019402800 JavaThread "Daemon periodic checks" [_thread_blocked, id=4360, stack(0x000000001a940000,0x000000001aa40000)]
  0x00000000193e1000 JavaThread "Incoming local TCP Connector on port 61405" [_thread_in_native, id=9632, stack(0x000000001a700000,0x000000001a800000)]
  0x000000001945e800 JavaThread "Daemon health stats" [_thread_blocked, id=17656, stack(0x000000001a0c0000,0x000000001a1c0000)]
  0x0000000016ade000 JavaThread "Service Thread" daemon [_thread_blocked, id=21932, stack(0x0000000017720000,0x0000000017820000)]
  0x0000000016a63800 JavaThread "C1 CompilerThread3" daemon [_thread_blocked, id=19688, stack(0x0000000017620000,0x0000000017720000)]
  0x0000000016a5d000 JavaThread "C2 CompilerThread2" daemon [_thread_in_native, id=21996, stack(0x0000000017520000,0x0000000017620000)]
=>0x0000000016a57000 JavaThread "C2 CompilerThread1" daemon [_thread_in_native, id=18260, stack(0x0000000017420000,0x0000000017520000)]
  0x0000000016a53000 JavaThread "C2 CompilerThread0" daemon [_thread_in_native, id=16880, stack(0x0000000017320000,0x0000000017420000)]
  0x0000000016a52000 JavaThread "Attach Listener" daemon [_thread_blocked, id=6248, stack(0x0000000017220000,0x0000000017320000)]
  0x0000000016a55800 JavaThread "Signal Dispatcher" daemon [_thread_blocked, id=1364, stack(0x0000000017120000,0x0000000017220000)]
  0x0000000016a41800 JavaThread "Finalizer" daemon [_thread_blocked, id=19600, stack(0x0000000016f20000,0x0000000017020000)]
  0x0000000016a40800 JavaThread "Reference Handler" daemon [_thread_blocked, id=9876, stack(0x0000000016e20000,0x0000000016f20000)]
  0x000000000344e000 JavaThread "main" [_thread_blocked, id=5228, stack(0x0000000003130000,0x0000000003230000)]

Other Threads:
  0x0000000014c08000 VMThread [stack: 0x0000000016920000,0x0000000016a20000] [id=6048]
  0x0000000016a92800 WatcherThread [stack: 0x0000000017820000,0x0000000017920000] [id=18272]

VM state:not at safepoint (normal execution)

VM Mutex/Monitor currently owned by a thread: None

heap address: 0x00000000e0000000, size: 512 MB, Compressed Oops mode: 32-bit
Narrow klass base: 0x0000000000000000, Narrow klass shift: 3
Compressed class space size: 1073741824 Address: 0x0000000100000000

Heap:
 PSYoungGen      total 150528K, used 27854K [0x00000000f5580000, 0x0000000100000000, 0x0000000100000000)
  eden space 137728K, 20% used [0x00000000f5580000,0x00000000f70b3ab8,0x00000000fdc00000)
  from space 12800K, 0% used [0x00000000ff380000,0x00000000ff380000,0x0000000100000000)
  to   space 18432K, 0% used [0x00000000fdc00000,0x00000000fdc00000,0x00000000fee00000)
 ParOldGen       total 175104K, used 33036K [0x00000000e0000000, 0x00000000eab00000, 0x00000000f5580000)
  object space 175104K, 18% used [0x00000000e0000000,0x00000000e20432d8,0x00000000eab00000)
 Metaspace       used 58625K, capacity 60788K, committed 60840K, reserved 1101824K
  class space    used 8088K, capacity 8583K, committed 8616K, reserved 1048576K

Card table byte_map: [0x0000000012810000,0x0000000012920000] byte_map_base: 0x0000000012110000

Marking Bits: (ParMarkBitMap*) 0x00000000581bf030
 Begin Bits: [0x0000000013120000, 0x0000000013920000)
 End Bits:   [0x0000000013920000, 0x0000000014120000)

Polling page: 0x0000000003230000

CodeCache: size=245760Kb used=17929Kb max_used=18082Kb free=227830Kb
 bounds [0x0000000003450000, 0x0000000004610000, 0x0000000012450000]
 total_blobs=5946 nmethods=5164 adapters=695
 compilation: enabled

Compilation events (10 events):
Event: 22.877 Thread 0x0000000016a63800 5698       3       org.gradle.api.internal.artifacts.configurations.DefaultConfiguration_Decorated::isCanBeResolved (45 bytes)
Event: 22.878 Thread 0x0000000016a63800 nmethod 5698 0x0000000003f7c6d0 code [0x0000000003f7c8c0, 0x0000000003f7d0a8]
Event: 22.878 Thread 0x0000000016a63800 5699       3       com.google.common.collect.LinkedHashMultimap$ValueSet::rehashIfNecessary (88 bytes)
Event: 22.879 Thread 0x0000000016a63800 nmethod 5699 0x0000000003f7bb10 code [0x0000000003f7bce0, 0x0000000003f7c448]
Event: 22.879 Thread 0x0000000016a63800 5700       3       com.google.common.collect.Hashing::needsResizing (22 bytes)
Event: 22.879 Thread 0x0000000016a63800 nmethod 5700 0x0000000003df1250 code [0x0000000003df13a0, 0x0000000003df1590]
Event: 22.884 Thread 0x0000000016a63800 5701       1       org.gradle.api.internal.tasks.properties.annotations.NoOpPropertyAnnotationHandler::isPropertyRelevant (2 bytes)
Event: 22.885 Thread 0x0000000016a63800 nmethod 5701 0x0000000003f7b850 code [0x0000000003f7b9a0, 0x0000000003f7bab0]
Event: 22.885 Thread 0x0000000016a63800 5702       3       org.gradle.api.internal.DefaultNamedDomainObjectCollection$UnfilteredIndex::put (13 bytes)
Event: 22.885 Thread 0x0000000016a63800 nmethod 5702 0x0000000003f7b3d0 code [0x0000000003f7b540, 0x0000000003f7b768]

GC Heap History (10 events):
Event: 11.738 GC heap before
{Heap before GC invocations=9 (full 2):
 PSYoungGen      total 122368K, used 9512K [0x00000000f5580000, 0x0000000100000000, 0x0000000100000000)
  eden space 110592K, 0% used [0x00000000f5580000,0x00000000f5580000,0x00000000fc180000)
  from space 11776K, 80% used [0x00000000fc180000,0x00000000fcaca008,0x00000000fcd00000)
  to   space 11776K, 0% used [0x00000000ff480000,0x00000000ff480000,0x0000000100000000)
 ParOldGen       total 175104K, used 7158K [0x00000000e0000000, 0x00000000eab00000, 0x00000000f5580000)
  object space 175104K, 4% used [0x00000000e0000000,0x00000000e06fd830,0x00000000eab00000)
 Metaspace       used 34568K, capacity 35412K, committed 35496K, reserved 1079296K
  class space    used 4728K, capacity 4971K, committed 5032K, reserved 1048576K
Event: 11.841 GC heap after
Heap after GC invocations=9 (full 2):
 PSYoungGen      total 122368K, used 0K [0x00000000f5580000, 0x0000000100000000, 0x0000000100000000)
  eden space 110592K, 0% used [0x00000000f5580000,0x00000000f5580000,0x00000000fc180000)
  from space 11776K, 0% used [0x00000000fc180000,0x00000000fc180000,0x00000000fcd00000)
  to   space 11776K, 0% used [0x00000000ff480000,0x00000000ff480000,0x0000000100000000)
 ParOldGen       total 175104K, used 15787K [0x00000000e0000000, 0x00000000eab00000, 0x00000000f5580000)
  object space 175104K, 9% used [0x00000000e0000000,0x00000000e0f6ae10,0x00000000eab00000)
 Metaspace       used 34568K, capacity 35412K, committed 35496K, reserved 1079296K
  class space    used 4728K, capacity 4971K, committed 5032K, reserved 1048576K
}
Event: 16.374 GC heap before
{Heap before GC invocations=10 (full 2):
 PSYoungGen      total 122368K, used 110592K [0x00000000f5580000, 0x0000000100000000, 0x0000000100000000)
  eden space 110592K, 100% used [0x00000000f5580000,0x00000000fc180000,0x00000000fc180000)
  from space 11776K, 0% used [0x00000000fc180000,0x00000000fc180000,0x00000000fcd00000)
  to   space 11776K, 0% used [0x00000000ff480000,0x00000000ff480000,0x0000000100000000)
 ParOldGen       total 175104K, used 15787K [0x00000000e0000000, 0x00000000eab00000, 0x00000000f5580000)
  object space 175104K, 9% used [0x00000000e0000000,0x00000000e0f6ae10,0x00000000eab00000)
 Metaspace       used 43300K, capacity 44674K, committed 44968K, reserved 1087488K
  class space    used 5877K, capacity 6233K, committed 6312K, reserved 1048576K
Event: 16.395 GC heap after
Heap after GC invocations=10 (full 2):
 PSYoungGen      total 160768K, used 11773K [0x00000000f5580000, 0x0000000100000000, 0x0000000100000000)
  eden space 148992K, 0% used [0x00000000f5580000,0x00000000f5580000,0x00000000fe700000)
  from space 11776K, 99% used [0x00000000ff480000,0x00000000fffff4a0,0x0000000100000000)
  to   space 12800K, 0% used [0x00000000fe700000,0x00000000fe700000,0x00000000ff380000)
 ParOldGen       total 175104K, used 15907K [0x00000000e0000000, 0x00000000eab00000, 0x00000000f5580000)
  object space 175104K, 9% used [0x00000000e0000000,0x00000000e0f88f30,0x00000000eab00000)
 Metaspace       used 43300K, capacity 44674K, committed 44968K, reserved 1087488K
  class space    used 5877K, capacity 6233K, committed 6312K, reserved 1048576K
}
Event: 20.977 GC heap before
{Heap before GC invocations=11 (full 2):
 PSYoungGen      total 160768K, used 160765K [0x00000000f5580000, 0x0000000100000000, 0x0000000100000000)
  eden space 148992K, 100% used [0x00000000f5580000,0x00000000fe700000,0x00000000fe700000)
  from space 11776K, 99% used [0x00000000ff480000,0x00000000fffff4a0,0x0000000100000000)
  to   space 12800K, 0% used [0x00000000fe700000,0x00000000fe700000,0x00000000ff380000)
 ParOldGen       total 175104K, used 15907K [0x00000000e0000000, 0x00000000eab00000, 0x00000000f5580000)
  object space 175104K, 9% used [0x00000000e0000000,0x00000000e0f88f30,0x00000000eab00000)
 Metaspace       used 55270K, capacity 57380K, committed 57512K, reserved 1099776K
  class space    used 7538K, capacity 8075K, committed 8104K, reserved 1048576K
Event: 21.050 GC heap after
Heap after GC invocations=11 (full 2):
 PSYoungGen      total 161792K, used 12784K [0x00000000f5580000, 0x0000000100000000, 0x0000000100000000)
  eden space 148992K, 0% used [0x00000000f5580000,0x00000000f5580000,0x00000000fe700000)
  from space 12800K, 99% used [0x00000000fe700000,0x00000000ff37c060,0x00000000ff380000)
  to   space 12800K, 0% used [0x00000000ff380000,0x00000000ff380000,0x0000000100000000)
 ParOldGen       total 175104K, used 28659K [0x00000000e0000000, 0x00000000eab00000, 0x00000000f5580000)
  object space 175104K, 16% used [0x00000000e0000000,0x00000000e1bfcfd8,0x00000000eab00000)
 Metaspace       used 55270K, capacity 57380K, committed 57512K, reserved 1099776K
  class space    used 7538K, capacity 8075K, committed 8104K, reserved 1048576K
}
Event: 21.732 GC heap before
{Heap before GC invocations=12 (full 2):
 PSYoungGen      total 161792K, used 38789K [0x00000000f5580000, 0x0000000100000000, 0x0000000100000000)
  eden space 148992K, 17% used [0x00000000f5580000,0x00000000f6ee5760,0x00000000fe700000)
  from space 12800K, 99% used [0x00000000fe700000,0x00000000ff37c060,0x00000000ff380000)
  to   space 12800K, 0% used [0x00000000ff380000,0x00000000ff380000,0x0000000100000000)
 ParOldGen       total 175104K, used 28659K [0x00000000e0000000, 0x00000000eab00000, 0x00000000f5580000)
  object space 175104K, 16% used [0x00000000e0000000,0x00000000e1bfcfd8,0x00000000eab00000)
 Metaspace       used 56918K, capacity 59004K, committed 59160K, reserved 1099776K
  class space    used 7779K, capacity 8253K, committed 8360K, reserved 1048576K
Event: 21.764 GC heap after
Heap after GC invocations=12 (full 2):
 PSYoungGen      total 150528K, used 11247K [0x00000000f5580000, 0x0000000100000000, 0x0000000100000000)
  eden space 137728K, 0% used [0x00000000f5580000,0x00000000f5580000,0x00000000fdc00000)
  from space 12800K, 87% used [0x00000000ff380000,0x00000000ffe7be48,0x0000000100000000)
  to   space 18432K, 0% used [0x00000000fdc00000,0x00000000fdc00000,0x00000000fee00000)
 ParOldGen       total 175104K, used 32651K [0x00000000e0000000, 0x00000000eab00000, 0x00000000f5580000)
  object space 175104K, 18% used [0x00000000e0000000,0x00000000e1fe2f78,0x00000000eab00000)
 Metaspace       used 56918K, capacity 59004K, committed 59160K, reserved 1099776K
  class space    used 7779K, capacity 8253K, committed 8360K, reserved 1048576K
}
Event: 21.764 GC heap before
{Heap before GC invocations=13 (full 3):
 PSYoungGen      total 150528K, used 11247K [0x00000000f5580000, 0x0000000100000000, 0x0000000100000000)
  eden space 137728K, 0% used [0x00000000f5580000,0x00000000f5580000,0x00000000fdc00000)
  from space 12800K, 87% used [0x00000000ff380000,0x00000000ffe7be48,0x0000000100000000)
  to   space 18432K, 0% used [0x00000000fdc00000,0x00000000fdc00000,0x00000000fee00000)
 ParOldGen       total 175104K, used 32651K [0x00000000e0000000, 0x00000000eab00000, 0x00000000f5580000)
  object space 175104K, 18% used [0x00000000e0000000,0x00000000e1fe2f78,0x00000000eab00000)
 Metaspace       used 56918K, capacity 59004K, committed 59160K, reserved 1099776K
  class space    used 7779K, capacity 8253K, committed 8360K, reserved 1048576K
Event: 22.239 GC heap after
Heap after GC invocations=13 (full 3):
 PSYoungGen      total 150528K, used 0K [0x00000000f5580000, 0x0000000100000000, 0x0000000100000000)
  eden space 137728K, 0% used [0x00000000f5580000,0x00000000f5580000,0x00000000fdc00000)
  from space 12800K, 0% used [0x00000000ff380000,0x00000000ff380000,0x0000000100000000)
  to   space 18432K, 0% used [0x00000000fdc00000,0x00000000fdc00000,0x00000000fee00000)
 ParOldGen       total 175104K, used 33036K [0x00000000e0000000, 0x00000000eab00000, 0x00000000f5580000)
  object space 175104K, 18% used [0x00000000e0000000,0x00000000e20432d8,0x00000000eab00000)
 Metaspace       used 56904K, capacity 58956K, committed 59160K, reserved 1099776K
  class space    used 7775K, capacity 8245K, committed 8360K, reserved 1048576K
}

Deoptimization events (10 events):
Event: 21.457 Thread 0x0000000019539000 Uncommon trap: reason=array_check action=maybe_recompile pc=0x00000000045c0630 method=java.util.AbstractCollection.toArray([Ljava/lang/Object;)[Ljava/lang/Object; @ 119
Event: 21.529 Thread 0x0000000019539000 Uncommon trap: reason=bimorphic action=maybe_recompile pc=0x0000000003668e40 method=java.util.regex.Pattern$5.isSatisfiedBy(I)Z @ 16
Event: 21.529 Thread 0x0000000019539000 Uncommon trap: reason=bimorphic action=maybe_recompile pc=0x0000000003668e40 method=java.util.regex.Pattern$5.isSatisfiedBy(I)Z @ 16
Event: 21.529 Thread 0x0000000019539000 Uncommon trap: reason=bimorphic action=maybe_recompile pc=0x0000000003668e40 method=java.util.regex.Pattern$5.isSatisfiedBy(I)Z @ 16
Event: 21.529 Thread 0x0000000019539000 Uncommon trap: reason=bimorphic action=maybe_recompile pc=0x0000000003668e40 method=java.util.regex.Pattern$5.isSatisfiedBy(I)Z @ 16
Event: 22.646 Thread 0x0000000019539000 Uncommon trap: reason=unstable_if action=reinterpret pc=0x0000000003a3b7a8 method=java.util.regex.Pattern$BmpCharProperty.match(Ljava/util/regex/Matcher;ILjava/lang/CharSequence;)Z @ 34
Event: 22.655 Thread 0x0000000019539000 Uncommon trap: reason=unstable_if action=reinterpret pc=0x0000000004214968 method=com.sun.org.apache.xerces.internal.impl.XMLEntityScanner.scanLiteral(ILcom/sun/org/apache/xerces/internal/xni/XMLString;Z)I @ 660
Event: 22.751 Thread 0x0000000019539000 Uncommon trap: reason=unstable_if action=reinterpret pc=0x00000000041af318 method=com.google.gson.stream.JsonReader.doPeek()I @ 315
Event: 22.843 Thread 0x0000000019539000 Uncommon trap: reason=unstable_if action=reinterpret pc=0x0000000004472468 method=java.lang.String.lastIndexOf([CII[CIII)I @ 118
Event: 22.860 Thread 0x0000000019539000 Uncommon trap: reason=unstable_if action=reinterpret pc=0x0000000003821eb4 method=java.lang.String.lastIndexOf([CII[CIII)I @ 118

Classes redefined (0 events):
No events

Internal exceptions (10 events):
Event: 20.179 Thread 0x0000000019539000 Exception <a 'java/lang/ClassNotFoundException': org/gradle/invocation/DefaultGradleCustomizer> (0x00000000fd44a600) thrown at [C:\src\AOSP-openjdk-git\hotspot\src\share\vm\classfile\systemDictionary.cpp, line 210]
Event: 20.199 Thread 0x0000000019539000 Exception <a 'java/lang/ClassNotFoundException': org/gradle/invocation/DefaultGradle_DecoratedCustomizer> (0x00000000fd4cbfb0) thrown at [C:\src\AOSP-openjdk-git\hotspot\src\share\vm\classfile\systemDictionary.cpp, line 210]
Event: 20.215 Thread 0x0000000019539000 Exception <a 'java/lang/ClassNotFoundException': org/gradle/configuration/internal/DefaultListenerBuildOperationDecorator$BuildOperationEmittingClosureBeanInfo> (0x00000000fd5df030) thrown at [C:\src\AOSP-openjdk-git\hotspot\src\share\vm\classfile\systemD
Event: 20.217 Thread 0x0000000019539000 Exception <a 'java/lang/ClassNotFoundException': org/gradle/configuration/internal/DefaultListenerBuildOperationDecorator$BuildOperationEmittingClosureCustomizer> (0x00000000fd6407a0) thrown at [C:\src\AOSP-openjdk-git\hotspot\src\share\vm\classfile\syste
Event: 20.640 Thread 0x0000000019539000 Exception <a 'java/lang/ClassNotFoundException': org/gradle/api/plugins/internal/DefaultJavaPluginConventionBeanInfo> (0x00000000fe02f3f0) thrown at [C:\src\AOSP-openjdk-git\hotspot\src\share\vm\classfile\systemDictionary.cpp, line 210]
Event: 20.641 Thread 0x0000000019539000 Exception <a 'java/lang/ClassNotFoundException': org/gradle/api/plugins/JavaPluginConventionBeanInfo> (0x00000000fe05aa08) thrown at [C:\src\AOSP-openjdk-git\hotspot\src\share\vm\classfile\systemDictionary.cpp, line 210]
Event: 20.642 Thread 0x0000000019539000 Exception <a 'java/lang/ClassNotFoundException': org/gradle/api/plugins/JavaPluginConventionCustomizer> (0x00000000fe086ba8) thrown at [C:\src\AOSP-openjdk-git\hotspot\src\share\vm\classfile\systemDictionary.cpp, line 210]
Event: 20.646 Thread 0x0000000019539000 Exception <a 'java/lang/ClassNotFoundException': org/gradle/api/plugins/internal/DefaultJavaPluginConventionCustomizer> (0x00000000fe0d8d48) thrown at [C:\src\AOSP-openjdk-git\hotspot\src\share\vm\classfile\systemDictionary.cpp, line 210]
Event: 21.591 Thread 0x0000000019539000 Exception <a 'java/lang/ClassNotFoundException': com/sun/org/glassfish/hk2/osgiresourcelocator/ServiceLoader> (0x00000000f68a0918) thrown at [C:\src\AOSP-openjdk-git\hotspot\src\share\vm\classfile\systemDictionary.cpp, line 210]
Event: 21.729 Thread 0x0000000019539000 Exception <a 'java/lang/NullPointerException'> (0x00000000f6cf4d68) thrown at [C:\src\AOSP-openjdk-git\hotspot\src\share\vm\interpreter\linkResolver.cpp, line 1287]

Events (10 events):
Event: 22.905 loading class com/android/ide/common/rendering/api/ResourceNamespace$ToolsNamespace
Event: 22.905 loading class com/android/ide/common/rendering/api/ResourceNamespace$ToolsNamespace done
Event: 22.906 loading class com/android/ide/common/rendering/api/ResourceNamespace$AaptNamespace
Event: 22.906 loading class com/android/ide/common/rendering/api/ResourceNamespace$AaptNamespace done
Event: 22.907 loading class com/google/common/collect/LinkedListMultimap
Event: 22.907 loading class com/google/common/collect/LinkedListMultimap done
Event: 23.520 loading class com/android/ide/common/resources/PatternBasedFileFilter
Event: 23.520 loading class com/android/ide/common/resources/PatternBasedFileFilter done
Event: 23.534 loading class com/android/ide/common/resources/NoOpResourcePreprocessor
Event: 23.534 loading class com/android/ide/common/resources/NoOpResourcePreprocessor done


Dynamic libraries:
0x00007ff76d600000 - 0x00007ff76d631000 	C:\Program Files\Android\Android Studio\jre\bin\java.exe
0x00007ffebf590000 - 0x00007ffebf785000 	C:\WINDOWS\SYSTEM32\ntdll.dll
0x00007ffebef40000 - 0x00007ffebeffd000 	C:\WINDOWS\System32\KERNEL32.DLL
0x00007ffebcde0000 - 0x00007ffebd0a8000 	C:\WINDOWS\System32\KERNELBASE.dll
0x00007ffebe000000 - 0x00007ffebe0ac000 	C:\WINDOWS\System32\ADVAPI32.dll
0x00007ffebd5f0000 - 0x00007ffebd68e000 	C:\WINDOWS\System32\msvcrt.dll
0x00007ffebe270000 - 0x00007ffebe30b000 	C:\WINDOWS\System32\sechost.dll
0x00007ffebe0b0000 - 0x00007ffebe1db000 	C:\WINDOWS\System32\RPCRT4.dll
0x00007ffebe390000 - 0x00007ffebe530000 	C:\WINDOWS\System32\USER32.dll
0x00007ffebd3f0000 - 0x00007ffebd412000 	C:\WINDOWS\System32\win32u.dll
0x00007ffebf020000 - 0x00007ffebf04a000 	C:\WINDOWS\System32\GDI32.dll
0x00007ffebccd0000 - 0x00007ffebcddb000 	C:\WINDOWS\System32\gdi32full.dll
0x00007ffebd550000 - 0x00007ffebd5ed000 	C:\WINDOWS\System32\msvcp_win.dll
0x00007ffebd0b0000 - 0x00007ffebd1b0000 	C:\WINDOWS\System32\ucrtbase.dll
0x00007ffeab530000 - 0x00007ffeab7ca000 	C:\WINDOWS\WinSxS\amd64_microsoft.windows.common-controls_6595b64144ccf1df_6.0.19041.844_none_ca00b6081b84eb1d\COMCTL32.dll
0x00007ffebf0c0000 - 0x00007ffebf0f0000 	C:\WINDOWS\System32\IMM32.DLL
0x0000000058d00000 - 0x0000000058dd2000 	C:\Program Files\Android\Android Studio\jre\jre\bin\msvcr100.dll
0x00000000579f0000 - 0x000000005823b000 	C:\Program Files\Android\Android Studio\jre\jre\bin\server\jvm.dll
0x00007ffebdff0000 - 0x00007ffebdff8000 	C:\WINDOWS\System32\PSAPI.DLL
0x00007ffea1f00000 - 0x00007ffea1f09000 	C:\WINDOWS\SYSTEM32\WSOCK32.dll
0x00007ffeab980000 - 0x00007ffeab9a7000 	C:\WINDOWS\SYSTEM32\WINMM.dll
0x00007ffeb5950000 - 0x00007ffeb595a000 	C:\WINDOWS\SYSTEM32\VERSION.dll
0x00007ffebf050000 - 0x00007ffebf0bb000 	C:\WINDOWS\System32\WS2_32.dll
0x00007ffeb63c0000 - 0x00007ffeb63cf000 	C:\Program Files\Android\Android Studio\jre\jre\bin\verify.dll
0x00007ffe9ef90000 - 0x00007ffe9efb9000 	C:\Program Files\Android\Android Studio\jre\jre\bin\java.dll
0x00007ffea08a0000 - 0x00007ffea08b6000 	C:\Program Files\Android\Android Studio\jre\jre\bin\zip.dll
0x00007ffebd690000 - 0x00007ffebddd2000 	C:\WINDOWS\System32\SHELL32.dll
0x00007ffebae20000 - 0x00007ffebb5b0000 	C:\WINDOWS\SYSTEM32\windows.storage.dll
0x00007ffebea10000 - 0x00007ffebed65000 	C:\WINDOWS\System32\combase.dll
0x00007ffebc740000 - 0x00007ffebc76c000 	C:\WINDOWS\SYSTEM32\Wldp.dll
0x00007ffebed70000 - 0x00007ffebee1e000 	C:\WINDOWS\System32\SHCORE.dll
0x00007ffebeee0000 - 0x00007ffebef35000 	C:\WINDOWS\System32\shlwapi.dll
0x00007ffebcc10000 - 0x00007ffebcc2f000 	C:\WINDOWS\SYSTEM32\profapi.dll
0x00007ffe9fd10000 - 0x00007ffe9fd2a000 	C:\Program Files\Android\Android Studio\jre\jre\bin\net.dll
0x00007ffebc4b0000 - 0x00007ffebc51a000 	C:\WINDOWS\system32\mswsock.dll
0x00007ffe9f960000 - 0x00007ffe9f973000 	C:\Program Files\Android\Android Studio\jre\jre\bin\nio.dll
0x00007ffe9f340000 - 0x00007ffe9f366000 	C:\Users\coleh\.gradle\native\31\windows-amd64\native-platform.dll
0x00007ffeb5ef0000 - 0x00007ffeb5efd000 	C:\Program Files\Android\Android Studio\jre\jre\bin\management.dll
0x00007ffebc680000 - 0x00007ffebc698000 	C:\WINDOWS\SYSTEM32\CRYPTSP.dll
0x00007ffebbd80000 - 0x00007ffebbdb4000 	C:\WINDOWS\system32\rsaenh.dll
0x00007ffebd3c0000 - 0x00007ffebd3e7000 	C:\WINDOWS\System32\bcrypt.dll
0x00007ffebcb90000 - 0x00007ffebcbbe000 	C:\WINDOWS\SYSTEM32\USERENV.dll
0x00007ffebd420000 - 0x00007ffebd4a0000 	C:\WINDOWS\System32\bcryptprimitives.dll
0x00007ffebc6a0000 - 0x00007ffebc6ac000 	C:\WINDOWS\SYSTEM32\CRYPTBASE.dll
0x00007ffebc130000 - 0x00007ffebc16b000 	C:\WINDOWS\SYSTEM32\IPHLPAPI.DLL
0x00007ffebdfe0000 - 0x00007ffebdfe8000 	C:\WINDOWS\System32\NSI.dll
0x00007ffeb5500000 - 0x00007ffeb5517000 	C:\WINDOWS\SYSTEM32\dhcpcsvc6.DLL
0x00007ffeb6040000 - 0x00007ffeb605d000 	C:\WINDOWS\SYSTEM32\dhcpcsvc.DLL
0x00007ffebc1a0000 - 0x00007ffebc26c000 	C:\WINDOWS\SYSTEM32\DNSAPI.dll

VM Arguments:
jvm_args: -XX:MaxMetaspaceSize=256m -XX:+HeapDumpOnOutOfMemoryError -Xms256m -Xmx512m -Dfile.encoding=windows-1252 -Duser.country=US -Duser.language=en -Duser.variant 
java_command: org.gradle.launcher.daemon.bootstrap.GradleDaemon 6.1.1
java_class_path (initial): C:\Users\coleh\.gradle\wrapper\dists\gradle-6.1.1-all\cfmwm155h49vnt3hynmlrsdst\gradle-6.1.1\lib\gradle-launcher-6.1.1.jar
Launcher Type: SUN_STANDARD

Environment Variables:
PATH=C:\Program Files (x86)\Common Files\Oracle\Java\javapath;C:\Python27\;C:\Python27\Scripts;C:\WINDOWS\system32;C:\WINDOWS;C:\WINDOWS\System32\Wbem;C:\WINDOWS\System32\WindowsPowerShell\v1.0\;C:\WINDOWS\System32\OpenSSH\;C:\Program Files\Git\cmd;C:\Program Files\nodejs\;C:\ProgramData\chocolatey\bin;C:\Program Files\PuTTY\;C:\Program Files (x86)\IVI Foundation\VISA\WinNT\Bin;C:\Users\coleh\AppData\Local\Microsoft\WindowsApps;;C:\Users\coleh\AppData\Local\Programs\Microsoft VS Code\bin;C:\Users\coleh\AppData\Roaming\npm
USERNAME=coleh
OS=Windows_NT
PROCESSOR_IDENTIFIER=Intel64 Family 6 Model 142 Stepping 10, GenuineIntel



---------------  S Y S T E M  ---------------

OS: Windows 10.0 , 64 bit Build 19041 (10.0.19041.928)

CPU:total 8 (initial active 8) (4 cores per cpu, 2 threads per core) family 6 model 142 stepping 10, cmov, cx8, fxsr, mmx, sse, sse2, sse3, ssse3, sse4.1, sse4.2, popcnt, avx, avx2, aes, clmul, erms, 3dnowpref, lzcnt, ht, tsc, tscinvbit, bmi1, bmi2, adx

Memory: 4k page, physical 8262884k(550316k free), swap 27633144k(6136k free)

vm_info: OpenJDK 64-Bit Server VM (25.242-b01) for windows-amd64 JRE (1.8.0_242-release-1644-b01), built by "builder" with MS VC++ 10.0 (VS2010)

time: Mon Aug 30 14:13:29 2021
timezone: Eastern Daylight Time
elapsed time: 23 seconds (0d 0h 0m 23s)

